<?xml version="1.0" encoding="UTF-8"?>
<!-- Generated by org.testng.reporters.JUnitReportReporter -->
<testsuite name="SeleniumPractice.demoOpenCart.pageFactory_Tests" tests="31" time="205.111" ignored="0" failures="0" timestamp="15 Nov 2019 16:41:56 GMT" skipped="0" hostname="kaveue" errors="0">
  <testcase name="login_Negative_WrongFormatEmail" time="4.307" classname="SeleniumPractice.demoOpenCart.pageFactory_Tests"/>
  <testcase name="Register_Negative_Different_Password" time="3.950" classname="SeleniumPractice.demoOpenCart.pageFactory_Tests"/>
  <testcase name="Download_Page_View" time="12.958" classname="SeleniumPractice.demoOpenCart.pageFactory_Tests"/>
  <testcase name="Register_Negative_Blank_Fname" time="3.972" classname="SeleniumPractice.demoOpenCart.pageFactory_Tests"/>
  <testcase name="Add_To_Wishlist" time="19.752" classname="SeleniumPractice.demoOpenCart.pageFactory_Tests"/>
  <testcase name="Update_Cart_From_Shopping_Cart" time="16.424" classname="SeleniumPractice.demoOpenCart.pageFactory_Tests"/>
  <testcase name="Register_Negative_Invalid_Teleno_LengthShort" time="3.927" classname="SeleniumPractice.demoOpenCart.pageFactory_Tests"/>
  <testcase name="Register_Negative_InvalidFname_Length" time="3.961" classname="SeleniumPractice.demoOpenCart.pageFactory_Tests"/>
  <testcase name="Register_Negative_Long_Password_Length" time="3.800" classname="SeleniumPractice.demoOpenCart.pageFactory_Tests"/>
  <testcase name="Register_Negative_Blank_Lname" time="3.892" classname="SeleniumPractice.demoOpenCart.pageFactory_Tests"/>
  <testcase name="Search_by_loggedin" time="11.102" classname="SeleniumPractice.demoOpenCart.pageFactory_Tests"/>
  <testcase name="Register_Negative_Invalid_Email" time="3.855" classname="SeleniumPractice.demoOpenCart.pageFactory_Tests"/>
  <testcase name="login_Negative_InvalidEmail_InvalidPassword" time="4.317" classname="SeleniumPractice.demoOpenCart.pageFactory_Tests"/>
  <testcase name="Register_Negative_Duplicate_Email" time="3.806" classname="SeleniumPractice.demoOpenCart.pageFactory_Tests"/>
  <testcase name="Transaction_Page_View" time="13.574" classname="SeleniumPractice.demoOpenCart.pageFactory_Tests"/>
  <testcase name="Register_All_Positive" time="9.851" classname="SeleniumPractice.demoOpenCart.pageFactory_Tests"/>
  <testcase name="login_Negative_InvalidPassword" time="3.542" classname="SeleniumPractice.demoOpenCart.pageFactory_Tests"/>
  <testcase name="Register_Negative_Invalid_Teleno_LengthLong" time="3.904" classname="SeleniumPractice.demoOpenCart.pageFactory_Tests"/>
  <testcase name="Add_To_Cart_From_Productview" time="5.697" classname="SeleniumPractice.demoOpenCart.pageFactory_Tests"/>
  <testcase name="Add_To_Cart_From_Wishlist" time="12.330" classname="SeleniumPractice.demoOpenCart.pageFactory_Tests"/>
  <testcase name="login_Positive" time="9.307" classname="SeleniumPractice.demoOpenCart.pageFactory_Tests"/>
  <testcase name="Register_Negative_Blank_Password_Length" time="3.803" classname="SeleniumPractice.demoOpenCart.pageFactory_Tests"/>
  <testcase name="login_Negative_Blank" time="3.493" classname="SeleniumPractice.demoOpenCart.pageFactory_Tests"/>
  <testcase name="Register_Negative_Blank_Teleno_Length" time="3.870" classname="SeleniumPractice.demoOpenCart.pageFactory_Tests"/>
  <testcase name="Search_without_loggedin" time="3.760" classname="SeleniumPractice.demoOpenCart.pageFactory_Tests"/>
  <testcase name="Register_Negative_Blank_Email" time="3.861" classname="SeleniumPractice.demoOpenCart.pageFactory_Tests"/>
  <testcase name="Order_History_View" time="12.690" classname="SeleniumPractice.demoOpenCart.pageFactory_Tests"/>
  <testcase name="Register_Negative_Short_Password_Length" time="3.832" classname="SeleniumPractice.demoOpenCart.pageFactory_Tests"/>
  <testcase name="Register_Negative_InvalidLname_Length" time="4.069" classname="SeleniumPractice.demoOpenCart.pageFactory_Tests"/>
  <testcase name="Register_Negative_Unchecked_Privacy_Policy" time="3.802" classname="SeleniumPractice.demoOpenCart.pageFactory_Tests"/>
  <testcase name="login_Negative_InvalidEmail" time="3.703" classname="SeleniumPractice.demoOpenCart.pageFactory_Tests"/>
</testsuite> <!-- SeleniumPractice.demoOpenCart.pageFactory_Tests -->
